<?xml version="1.0" encoding="UTF-8"?>
<!-- Generated by org.testng.reporters.JUnitReportReporter -->
<testsuite hostname="VISHAL" failures="0" tests="3" name="SpiceJetTestCases.ValidateBookingTestCase" time="205.687" errors="0" timestamp="2023-06-06T16:03:27 IST" skipped="0">
  <testcase classname="SpiceJetTestCases.ValidateBookingTestCase" name="validateFlightStatus" time="28.171"/>
  <system-out/>
  <testcase classname="SpiceJetTestCases.ValidateBookingTestCase" name="validateManageBooking" time="49.002"/>
  <system-out/>
  <testcase classname="SpiceJetTestCases.ValidateBookingTestCase" name="validatecheckinButton" time="128.514"/>
  <system-out/>
</testsuite> <!-- SpiceJetTestCases.ValidateBookingTestCase -->
