<?xml version="1.0" encoding="UTF-8"?>
<!-- Generated by org.testng.reporters.JUnitReportReporter -->
<testsuite hostname="VISHAL" failures="0" tests="2" name="SpiceJetTestCases.SearchForFlightTestCase" time="184.890" errors="0" timestamp="2023-06-06T16:03:27 IST" skipped="0">
  <testcase classname="SpiceJetTestCases.SearchForFlightTestCase" name="tc004SearchFlightOneway" time="78.655"/>
  <system-out/>
  <testcase classname="SpiceJetTestCases.SearchForFlightTestCase" name="tc005SearchFlightTwoway" time="106.235"/>
  <system-out/>
</testsuite> <!-- SpiceJetTestCases.SearchForFlightTestCase -->
