<?xml version="1.0" encoding="UTF-8"?>
<!-- Generated by org.testng.reporters.JUnitReportReporter -->
<testsuite hostname="VISHAL" failures="0" tests="3" name="SpiceJetTestCases.ValidateBookingTestCase" time="288.547" errors="0" timestamp="2023-06-04T17:46:11 IST" skipped="0">
  <testcase classname="SpiceJetTestCases.ValidateBookingTestCase" name="validateManageBooking" time="86.863"/>
  <system-out/>
  <testcase classname="SpiceJetTestCases.ValidateBookingTestCase" name="validateFlightStatus" time="139.135"/>
  <system-out/>
  <testcase classname="SpiceJetTestCases.ValidateBookingTestCase" name="validatecheckinButton" time="62.549"/>
  <system-out/>
</testsuite> <!-- SpiceJetTestCases.ValidateBookingTestCase -->
