<?xml version="1.0" encoding="UTF-8"?>
<!-- Generated by org.testng.reporters.JUnitReportReporter -->
<testsuite hostname="VISHAL" failures="0" tests="2" name="SpiceJetTestCases.SearchForFlightTestCase" time="151.719" errors="0" timestamp="2023-06-04T17:46:11 IST" skipped="0">
  <testcase classname="SpiceJetTestCases.SearchForFlightTestCase" name="tc005SearchFlightTwoway" time="77.669"/>
  <system-out/>
  <testcase classname="SpiceJetTestCases.SearchForFlightTestCase" name="tc004SearchFlightOneway" time="74.050"/>
  <system-out/>
</testsuite> <!-- SpiceJetTestCases.SearchForFlightTestCase -->
