<?xml version="1.0" encoding="UTF-8"?>
<!-- Generated by org.testng.reporters.JUnitReportReporter -->
<testsuite hostname="VISHAL" failures="0" tests="1" name="SpiceJetTestCases.SignupTestCase" time="99.996" errors="0" timestamp="2023-06-04T17:46:11 IST" skipped="0">
  <testcase classname="SpiceJetTestCases.SignupTestCase" name="tc001Signup" time="99.996"/>
  <system-out/>
</testsuite> <!-- SpiceJetTestCases.SignupTestCase -->
